app/build/intermediates/manifest_merge_blame_file/debug/manifest-merger-blame-debug-report.txt
1<?xml version="1.0" encoding="utf-8"?>
2<manifest xmlns:android="http://schemas.android.com/apk/res/android"
3    package="homeservice.com"
4    android:versionCode="1"
5    android:versionName="1.0" >
6
7    <uses-sdk
8        android:minSdkVersion="16"
8-->src\main\AndroidManifest.xml
9        android:targetSdkVersion="29" />
9-->src\main\AndroidManifest.xml
10
11    <uses-feature
11-->src\main\AndroidManifest.xml:6:5-8:35
12        android:glEsVersion="0x00020000"
12-->src\main\AndroidManifest.xml:7:9-41
13        android:required="true" />
13-->src\main\AndroidManifest.xml:8:9-32
14
15    <uses-permission android:name="android.permission.ACCESS_FINE_LOCATION" />
15-->src\main\AndroidManifest.xml:10:5-79
15-->src\main\AndroidManifest.xml:10:22-76
16    <uses-permission android:name="android.permission.ACCESS_NETWORK_STATE" />
16-->src\main\AndroidManifest.xml:11:5-79
16-->src\main\AndroidManifest.xml:11:22-76
17    <uses-permission android:name="android.permission.INTERNET" />
17-->src\main\AndroidManifest.xml:12:5-67
17-->src\main\AndroidManifest.xml:12:22-64
18    <uses-permission android:name="android.permission.READ_EXTERNAL_STORAGE" />
18-->src\main\AndroidManifest.xml:13:5-80
18-->src\main\AndroidManifest.xml:13:22-77
19    <uses-permission android:name="android.permission.WRITE_EXTERNAL_STORAGE" />
19-->src\main\AndroidManifest.xml:14:5-81
19-->src\main\AndroidManifest.xml:14:22-78
20    <uses-permission android:name="com.google.android.providers.gsf.permission.READ_GSERVICES" />
20-->src\main\AndroidManifest.xml:15:5-98
20-->src\main\AndroidManifest.xml:15:22-95
21    <uses-permission android:name="android.permission.WRITE_SETTINGS" />
21-->src\main\AndroidManifest.xml:17:5-19:47
21-->src\main\AndroidManifest.xml:18:9-57
22
23    <permission
23-->src\main\AndroidManifest.xml:21:5-23:47
24        android:name="com.example.yourpackage.permission.MAPS_RECEIVE"
24-->src\main\AndroidManifest.xml:22:9-71
25        android:protectionLevel="signature" />
25-->src\main\AndroidManifest.xml:23:9-44
26
27    <uses-permission android:name="com.example.yourpackage.permission.MAPS_RECEIVE" />
27-->src\main\AndroidManifest.xml:24:5-87
27-->src\main\AndroidManifest.xml:24:22-84
28    <uses-permission android:name="android.permission.ACCESS_WIFI_STATE" />
28-->[com.google.android.libraries.places:places:2.1.0] AndroidManifest.xml:10:5-76
28-->[com.google.android.libraries.places:places:2.1.0] AndroidManifest.xml:10:22-73
29    <uses-permission android:name="android.permission.WAKE_LOCK" /> <!-- Required by older versions of Google Play services to create IID tokens -->
29-->[com.google.firebase:firebase-iid:17.0.4] AndroidManifest.xml:24:5-68
29-->[com.google.firebase:firebase-iid:17.0.4] AndroidManifest.xml:24:22-65
30    <uses-permission android:name="com.google.android.c2dm.permission.RECEIVE" />
30-->[com.google.firebase:firebase-iid:17.0.4] AndroidManifest.xml:26:5-82
30-->[com.google.firebase:firebase-iid:17.0.4] AndroidManifest.xml:26:22-79
31
32    <application
32-->src\main\AndroidManifest.xml:26:5-63:19
33        android:name="homeservice.com.model.FoodooApplication"
33-->src\main\AndroidManifest.xml:27:9-48
34        android:allowBackup="true"
34-->src\main\AndroidManifest.xml:28:9-35
35        android:appComponentFactory="androidx.core.app.CoreComponentFactory"
35-->[androidx.core:core:1.1.0] AndroidManifest.xml:24:18-86
36        android:debuggable="true"
37        android:hardwareAccelerated="true"
37-->src\main\AndroidManifest.xml:29:9-43
38        android:icon="@drawable/ic_launcher_round"
38-->src\main\AndroidManifest.xml:30:9-51
39        android:label="@string/app_name"
39-->src\main\AndroidManifest.xml:31:9-41
40        android:roundIcon="@drawable/ic_launcher_round"
40-->src\main\AndroidManifest.xml:32:9-56
41        android:supportsRtl="true"
41-->src\main\AndroidManifest.xml:33:9-35
42        android:testOnly="true"
43        android:theme="@style/AppTheme"
43-->src\main\AndroidManifest.xml:34:9-40
44        android:usesCleartextTraffic="true" >
44-->src\main\AndroidManifest.xml:35:9-44
45        <meta-data
45-->src\main\AndroidManifest.xml:37:9-39:55
46            android:name="com.google.android.geo.API_KEY"
46-->src\main\AndroidManifest.xml:38:13-58
47            android:value="@string/google_maps_key" />
47-->src\main\AndroidManifest.xml:39:13-52
48
49        <!--
50            <meta-data
51            android:name="com.google.android.maps.v2.API_KEY"
52            android:value="AIzaSyDXTZz8e-F_FTb0TgO8PHDCGMin20uiiMM" />
53        -->
54
55        <meta-data
55-->src\main\AndroidManifest.xml:45:9-47:69
56            android:name="com.google.android.gms.version"
56-->src\main\AndroidManifest.xml:46:13-58
57            android:value="@integer/google_play_services_version" />
57-->src\main\AndroidManifest.xml:47:13-66
58
59        <activity
59-->src\main\AndroidManifest.xml:49:9-51:57
60            android:name="homeservice.com.MapActivity"
60-->src\main\AndroidManifest.xml:50:13-40
61            android:label="@string/title_activity_map" />
61-->src\main\AndroidManifest.xml:51:13-55
62        <activity android:name="homeservice.com.Dashboard" />
62-->src\main\AndroidManifest.xml:53:9-47
62-->src\main\AndroidManifest.xml:53:19-44
63        <activity android:name="homeservice.com.Login" />
63-->src\main\AndroidManifest.xml:54:9-43
63-->src\main\AndroidManifest.xml:54:19-40
64        <activity android:name="homeservice.com.Register" />
64-->src\main\AndroidManifest.xml:55:9-46
64-->src\main\AndroidManifest.xml:55:19-43
65        <activity android:name="homeservice.com.Splashscreen" >
65-->src\main\AndroidManifest.xml:56:9-62:20
65-->src\main\AndroidManifest.xml:56:19-47
66            <intent-filter>
66-->src\main\AndroidManifest.xml:57:13-61:29
67                <action android:name="android.intent.action.MAIN" />
67-->src\main\AndroidManifest.xml:58:17-69
67-->src\main\AndroidManifest.xml:58:25-66
68
69                <category android:name="android.intent.category.LAUNCHER" />
69-->src\main\AndroidManifest.xml:60:17-77
69-->src\main\AndroidManifest.xml:60:27-74
70            </intent-filter>
71        </activity>
72        <activity
72-->[com.google.android.libraries.places:places:2.1.0] AndroidManifest.xml:14:9-20:20
73            android:name="com.google.android.libraries.places.widget.AutocompleteActivity"
73-->[com.google.android.libraries.places:places:2.1.0] AndroidManifest.xml:15:13-91
74            android:exported="false"
74-->[com.google.android.libraries.places:places:2.1.0] AndroidManifest.xml:16:13-37
75            android:label="@string/places_autocomplete_label"
75-->[com.google.android.libraries.places:places:2.1.0] AndroidManifest.xml:17:13-62
76            android:theme="@style/PlacesAutocompleteOverlay"
76-->[com.google.android.libraries.places:places:2.1.0] AndroidManifest.xml:18:13-61
77            android:windowSoftInputMode="adjustResize" >
77-->[com.google.android.libraries.places:places:2.1.0] AndroidManifest.xml:19:13-55
78        </activity>
79
80        <provider
80-->[com.squareup.picasso:picasso:2.71828] AndroidManifest.xml:8:9-11:40
81            android:name="com.squareup.picasso.PicassoProvider"
81-->[com.squareup.picasso:picasso:2.71828] AndroidManifest.xml:9:13-64
82            android:authorities="homeservice.com.com.squareup.picasso"
82-->[com.squareup.picasso:picasso:2.71828] AndroidManifest.xml:10:13-72
83            android:exported="false" /> <!-- Needs to be explicitly declared on P+ -->
83-->[com.squareup.picasso:picasso:2.71828] AndroidManifest.xml:11:13-37
84        <uses-library
84-->[com.google.android.gms:play-services-maps:17.0.0] AndroidManifest.xml:33:9-35:40
85            android:name="org.apache.http.legacy"
85-->[com.google.android.gms:play-services-maps:17.0.0] AndroidManifest.xml:34:13-50
86            android:required="false" />
86-->[com.google.android.gms:play-services-maps:17.0.0] AndroidManifest.xml:35:13-37
87        <!--
88             FirebaseMessagingService performs security checks at runtime,
89             no need for explicit permissions despite exported="true"
90        -->
91        <service
91-->[com.google.firebase:firebase-messaging:17.3.4] AndroidManifest.xml:28:9-34:19
92            android:name="com.google.firebase.messaging.FirebaseMessagingService"
92-->[com.google.firebase:firebase-messaging:17.3.4] AndroidManifest.xml:29:13-82
93            android:exported="true" >
93-->[com.google.firebase:firebase-messaging:17.3.4] AndroidManifest.xml:30:13-36
94            <intent-filter android:priority="-500" >
94-->[com.google.firebase:firebase-messaging:17.3.4] AndroidManifest.xml:31:13-33:29
94-->[com.google.firebase:firebase-messaging:17.3.4] AndroidManifest.xml:31:28-51
95                <action android:name="com.google.firebase.MESSAGING_EVENT" />
95-->[com.google.firebase:firebase-messaging:17.3.4] AndroidManifest.xml:32:17-78
95-->[com.google.firebase:firebase-messaging:17.3.4] AndroidManifest.xml:32:25-75
96            </intent-filter>
97        </service>
98        <service
98-->[com.google.firebase:firebase-iid:17.0.4] AndroidManifest.xml:29:9-35:19
99            android:name="com.google.firebase.components.ComponentDiscoveryService"
99-->[com.google.firebase:firebase-iid:17.0.4] AndroidManifest.xml:30:13-84
100            android:exported="false" >
100-->[com.google.firebase:firebase-iid:17.0.4] AndroidManifest.xml:31:13-37
101            <meta-data
101-->[com.google.firebase:firebase-iid:17.0.4] AndroidManifest.xml:32:13-34:85
102                android:name="com.google.firebase.components:com.google.firebase.iid.Registrar"
102-->[com.google.firebase:firebase-iid:17.0.4] AndroidManifest.xml:33:17-96
103                android:value="com.google.firebase.components.ComponentRegistrar" />
103-->[com.google.firebase:firebase-iid:17.0.4] AndroidManifest.xml:34:17-82
104        </service>
105
106        <receiver
106-->[com.google.firebase:firebase-iid:17.0.4] AndroidManifest.xml:37:9-44:20
107            android:name="com.google.firebase.iid.FirebaseInstanceIdReceiver"
107-->[com.google.firebase:firebase-iid:17.0.4] AndroidManifest.xml:38:13-78
108            android:exported="true"
108-->[com.google.firebase:firebase-iid:17.0.4] AndroidManifest.xml:39:13-36
109            android:permission="com.google.android.c2dm.permission.SEND" >
109-->[com.google.firebase:firebase-iid:17.0.4] AndroidManifest.xml:40:13-73
110            <intent-filter>
110-->[com.google.firebase:firebase-iid:17.0.4] AndroidManifest.xml:41:13-43:29
111                <action android:name="com.google.android.c2dm.intent.RECEIVE" />
111-->[com.google.firebase:firebase-iid:17.0.4] AndroidManifest.xml:42:17-81
111-->[com.google.firebase:firebase-iid:17.0.4] AndroidManifest.xml:42:25-78
112            </intent-filter>
113        </receiver>
114        <!--
115             FirebaseInstanceIdService performs security checks at runtime,
116             no need for explicit permissions despite exported="true"
117        -->
118        <service
118-->[com.google.firebase:firebase-iid:17.0.4] AndroidManifest.xml:50:9-56:19
119            android:name="com.google.firebase.iid.FirebaseInstanceIdService"
119-->[com.google.firebase:firebase-iid:17.0.4] AndroidManifest.xml:51:13-77
120            android:exported="true" >
120-->[com.google.firebase:firebase-iid:17.0.4] AndroidManifest.xml:52:13-36
121            <intent-filter android:priority="-500" >
121-->[com.google.firebase:firebase-iid:17.0.4] AndroidManifest.xml:53:13-55:29
121-->[com.google.firebase:firebase-iid:17.0.4] AndroidManifest.xml:53:28-51
122                <action android:name="com.google.firebase.INSTANCE_ID_EVENT" />
122-->[com.google.firebase:firebase-iid:17.0.4] AndroidManifest.xml:54:17-80
122-->[com.google.firebase:firebase-iid:17.0.4] AndroidManifest.xml:54:25-77
123            </intent-filter>
124        </service>
125
126        <provider
126-->[com.google.firebase:firebase-common:16.0.3] AndroidManifest.xml:10:9-14:39
127            android:name="com.google.firebase.provider.FirebaseInitProvider"
127-->[com.google.firebase:firebase-common:16.0.3] AndroidManifest.xml:11:13-77
128            android:authorities="homeservice.com.firebaseinitprovider"
128-->[com.google.firebase:firebase-common:16.0.3] AndroidManifest.xml:12:13-72
129            android:exported="false"
129-->[com.google.firebase:firebase-common:16.0.3] AndroidManifest.xml:13:13-37
130            android:initOrder="100" />
130-->[com.google.firebase:firebase-common:16.0.3] AndroidManifest.xml:14:13-36
131
132        <activity
132-->[com.google.android.gms:play-services-base:17.0.0] AndroidManifest.xml:23:9-26:75
133            android:name="com.google.android.gms.common.api.GoogleApiActivity"
133-->[com.google.android.gms:play-services-base:17.0.0] AndroidManifest.xml:24:13-79
134            android:exported="false"
134-->[com.google.android.gms:play-services-base:17.0.0] AndroidManifest.xml:25:13-37
135            android:theme="@android:style/Theme.Translucent.NoTitleBar" />
135-->[com.google.android.gms:play-services-base:17.0.0] AndroidManifest.xml:26:13-72
136
137        <provider
137-->[androidx.lifecycle:lifecycle-process:2.1.0] AndroidManifest.xml:23:9-27:43
138            android:name="androidx.lifecycle.ProcessLifecycleOwnerInitializer"
138-->[androidx.lifecycle:lifecycle-process:2.1.0] AndroidManifest.xml:24:13-79
139            android:authorities="homeservice.com.lifecycle-process"
139-->[androidx.lifecycle:lifecycle-process:2.1.0] AndroidManifest.xml:25:13-69
140            android:exported="false"
140-->[androidx.lifecycle:lifecycle-process:2.1.0] AndroidManifest.xml:26:13-37
141            android:multiprocess="true" />
141-->[androidx.lifecycle:lifecycle-process:2.1.0] AndroidManifest.xml:27:13-40
142    </application>
143
144</manifest>